c:\users\lex tomi\documents\egyetem\virtual-petridish-master\cpm\x64\debug\vc142.pdb
c:\users\lex tomi\documents\egyetem\virtual-petridish-master\cpm\x64\debug\vc142.idb
c:\users\lex tomi\documents\egyetem\virtual-petridish-master\cpm\x64\debug\parameters.obj
c:\users\lex tomi\documents\egyetem\virtual-petridish-master\cpm\x64\debug\main.obj
c:\users\lex tomi\documents\egyetem\virtual-petridish-master\cpm\x64\debug\imgui_widgets.obj
c:\users\lex tomi\documents\egyetem\virtual-petridish-master\cpm\x64\debug\imgui_tables.obj
c:\users\lex tomi\documents\egyetem\virtual-petridish-master\cpm\x64\debug\imgui_impl_win32.obj
c:\users\lex tomi\documents\egyetem\virtual-petridish-master\cpm\x64\debug\imgui_impl_dx11.obj
c:\users\lex tomi\documents\egyetem\virtual-petridish-master\cpm\x64\debug\imgui_draw.obj
c:\users\lex tomi\documents\egyetem\virtual-petridish-master\cpm\x64\debug\imgui_demo.obj
c:\users\lex tomi\documents\egyetem\virtual-petridish-master\cpm\x64\debug\imgui.obj
c:\users\lex tomi\documents\egyetem\virtual-petridish-master\cpm\x64\debug\hamiltonianconstraint.obj
c:\users\lex tomi\documents\egyetem\virtual-petridish-master\cpm\x64\debug\gridmanadger.obj
c:\users\lex tomi\documents\egyetem\virtual-petridish-master\cpm\x64\debug\grid.obj
c:\users\lex tomi\documents\egyetem\virtual-petridish-master\cpm\x64\debug\displayhelper.obj
c:\users\lex tomi\documents\egyetem\virtual-petridish-master\cpm\x64\debug\display.obj
c:\users\lex tomi\documents\egyetem\virtual-petridish-master\cpm\x64\debug\diceset.obj
c:\users\lex tomi\documents\egyetem\virtual-petridish-master\cpm\x64\debug\centroids.obj
c:\users\lex tomi\documents\egyetem\virtual-petridish-master\cpm\x64\debug\cellularpotts.obj
c:\users\lex tomi\documents\egyetem\virtual-petridish-master\cpm\x64\debug\cell.obj
c:\users\lex tomi\documents\egyetem\virtual-petridish-master\cpm\x64\debug\adhesionconstraint.obj
c:\users\lex tomi\documents\egyetem\virtual-petridish-master\cpm\x64\debug\activitycontraint.obj
c:\users\lex tomi\documents\egyetem\virtual-petridish-master\cpm\x64\debug\volumeconstraint.obj
c:\users\lex tomi\documents\egyetem\virtual-petridish-master\cpm\x64\debug\simulation.obj
c:\users\lex tomi\documents\egyetem\virtual-petridish-master\cpm\x64\debug\pixelsbycell.obj
c:\users\lex tomi\documents\egyetem\virtual-petridish-master\cpm\x64\debug\persistenceconstraint.obj
c:\users\lex tomi\documents\egyetem\virtual-petridish-master\cpm\x64\debug\perimeterconstraint.obj
c:\users\lex tomi\documents\egyetem\virtual-petridish-master\x64\debug\cpm.pdb
c:\users\lex tomi\documents\egyetem\virtual-petridish-master\x64\debug\cpm.exe
c:\users\lex tomi\documents\egyetem\virtual-petridish-master\x64\debug\cpm.ilk
c:\users\lex tomi\documents\egyetem\virtual-petridish-master\cpm\x64\debug\cpm.tlog\cl.command.1.tlog
c:\users\lex tomi\documents\egyetem\virtual-petridish-master\cpm\x64\debug\cpm.tlog\cl.read.1.tlog
c:\users\lex tomi\documents\egyetem\virtual-petridish-master\cpm\x64\debug\cpm.tlog\cl.write.1.tlog
c:\users\lex tomi\documents\egyetem\virtual-petridish-master\cpm\x64\debug\cpm.tlog\link.command.1.tlog
c:\users\lex tomi\documents\egyetem\virtual-petridish-master\cpm\x64\debug\cpm.tlog\link.read.1.tlog
c:\users\lex tomi\documents\egyetem\virtual-petridish-master\cpm\x64\debug\cpm.tlog\link.write.1.tlog
