  Simulation.cpp
C:\Users\Lex Tomi\Documents\egyetem\Virtual-Petridish-master\CPM\OpenCL.h(9,10): warning C4067: unexpected tokens following preprocessor directive - expected a newline
C:\Users\Lex Tomi\Documents\egyetem\Virtual-Petridish-master\CPM\Simulation.cpp(59,13): warning C4244: 'argument': conversion from 'time_t' to 'unsigned int', possible loss of data
C:\Users\Lex Tomi\Documents\egyetem\Virtual-Petridish-master\CPM\Simulation.cpp(71,13): warning C4244: 'argument': conversion from 'time_t' to 'unsigned int', possible loss of data
C:\Users\Lex Tomi\Documents\egyetem\Virtual-Petridish-master\CPM\Simulation.cpp(78,68): warning C4267: 'initializing': conversion from 'size_t' to 'int', possible loss of data
C:\Users\Lex Tomi\Documents\egyetem\Virtual-Petridish-master\CPM\Simulation.cpp(100,13): warning C4244: 'argument': conversion from 'time_t' to 'unsigned int', possible loss of data
C:\Users\Lex Tomi\Documents\egyetem\Virtual-Petridish-master\CPM\Simulation.cpp(106,68): warning C4267: 'initializing': conversion from 'size_t' to 'int', possible loss of data
C:\Users\Lex Tomi\Documents\egyetem\Virtual-Petridish-master\CPM\Simulation.cpp(126,13): warning C4244: 'argument': conversion from 'time_t' to 'unsigned int', possible loss of data
C:\Users\Lex Tomi\Documents\egyetem\Virtual-Petridish-master\CPM\Simulation.cpp(143,13): warning C4244: 'argument': conversion from 'time_t' to 'unsigned int', possible loss of data
C:\Users\Lex Tomi\Documents\egyetem\Virtual-Petridish-master\CPM\Simulation.cpp(163,13): warning C4244: 'argument': conversion from 'time_t' to 'unsigned int', possible loss of data
C:\Users\Lex Tomi\Documents\egyetem\Virtual-Petridish-master\CPM\Simulation.cpp(183,13): warning C4244: 'argument': conversion from 'time_t' to 'unsigned int', possible loss of data
C:\Program Files (x86)\Microsoft Visual Studio\2019\Community\VC\Tools\MSVC\14.28.29910\include\utility(193,48): warning C4267: 'initializing': conversion from 'size_t' to '_Ty1', possible loss of data
          with
          [
              _Ty1=int
          ]
C:\Users\Lex Tomi\Documents\egyetem\Virtual-Petridish-master\CPM\Simulation.cpp(90): message : see reference to function template instantiation 'std::pair<int,int>::pair<size_t&,size_t&,0>(_Other1,_Other2) noexcept' being compiled
          with
          [
              _Other1=size_t &,
              _Other2=size_t &
          ]
C:\Users\Lex Tomi\Documents\egyetem\Virtual-Petridish-master\CPM\Simulation.cpp(90): message : see reference to function template instantiation 'std::pair<int,int>::pair<size_t&,size_t&,0>(_Other1,_Other2) noexcept' being compiled
          with
          [
              _Other1=size_t &,
              _Other2=size_t &
          ]
C:\Program Files (x86)\Microsoft Visual Studio\2019\Community\VC\Tools\MSVC\14.28.29910\include\utility(193,48): warning C4267: 'initializing': conversion from 'size_t' to '_Ty2', possible loss of data
          with
          [
              _Ty2=int
          ]
  Generating code
  1 of 2944 functions (<0.1%) were compiled, the rest were copied from previous compilation.
    0 functions were new in current compilation
    25 functions had inline decision re-evaluated but remain unchanged
  Finished generating code
  CPM.vcxproj -> C:\Users\Lex Tomi\Documents\egyetem\Virtual-Petridish-master\x64\Release\CPM.exe
